<?xml version="1.0" encoding="UTF-8"?>
<!-- Generated by org.testng.reporters.JUnitReportReporter -->
<testsuite hostname="DESKTOP-2T02PLP" failures="0" tests="1" name="com.pgs.praticsTest.HMS_PGS_CHECK_REPORTTest" time="6.570" errors="0" timestamp="2023-07-10T13:08:11 IST" skipped="0">
  <testcase classname="com.pgs.praticsTest.HMS_PGS_CHECK_REPORTTest" name="CheckReport" time="6.570"/>
  <system-out/>
</testsuite> <!-- com.pgs.praticsTest.HMS_PGS_CHECK_REPORTTest -->
